::1 - - [25/Oct/2017:11:44:08 +0000] "GET / HTTP/1.1" 200 611 "-" "Mozilla/5.0 (X11; Linux x86_64) AppleWebKit/537.36 (KHTML, like Gecko) Chrome/62.0.3202.62 Safari/537.36"
::1 - - [25/Oct/2017:11:44:08 +0000] "GET /vendor.6b608105.css HTTP/1.1" 200 175511 "http://localhost:8081/" "Mozilla/5.0 (X11; Linux x86_64) AppleWebKit/537.36 (KHTML, like Gecko) Chrome/62.0.3202.62 Safari/537.36"
::1 - - [25/Oct/2017:11:44:08 +0000] "GET /manifest.f2559840.js HTTP/1.1" 200 1476 "http://localhost:8081/" "Mozilla/5.0 (X11; Linux x86_64) AppleWebKit/537.36 (KHTML, like Gecko) Chrome/62.0.3202.62 Safari/537.36"
::1 - - [25/Oct/2017:11:44:08 +0000] "GET /client.aec65628.js HTTP/1.1" 200 112574 "http://localhost:8081/" "Mozilla/5.0 (X11; Linux x86_64) AppleWebKit/537.36 (KHTML, like Gecko) Chrome/62.0.3202.62 Safari/537.36"
::1 - - [25/Oct/2017:11:44:08 +0000] "GET /vendor.4658d3ca.js HTTP/1.1" 200 636791 "http://localhost:8081/" "Mozilla/5.0 (X11; Linux x86_64) AppleWebKit/537.36 (KHTML, like Gecko) Chrome/62.0.3202.62 Safari/537.36"
::1 - - [25/Oct/2017:11:44:09 +0000] "GET /assets/images/logo-traveloka.47f8f1ca.png HTTP/1.1" 200 12844 "http://localhost:8081/" "Mozilla/5.0 (X11; Linux x86_64) AppleWebKit/537.36 (KHTML, like Gecko) Chrome/62.0.3202.62 Safari/537.36"
::1 - - [25/Oct/2017:11:44:09 +0000] "GET /assets/images/logo-dewa-web.4a34cf4d.png HTTP/1.1" 200 165097 "http://localhost:8081/" "Mozilla/5.0 (X11; Linux x86_64) AppleWebKit/537.36 (KHTML, like Gecko) Chrome/62.0.3202.62 Safari/537.36"
::1 - - [25/Oct/2017:11:44:09 +0000] "GET /assets/fonts/Jaapokkienchance_Regular.e9b7f6de.otf HTTP/1.1" 200 33788 "http://localhost:8081/" "Mozilla/5.0 (X11; Linux x86_64) AppleWebKit/537.36 (KHTML, like Gecko) Chrome/62.0.3202.62 Safari/537.36"
::1 - - [25/Oct/2017:11:44:09 +0000] "GET /assets/fonts/HELR45W.a357d33c.ttf HTTP/1.1" 200 83644 "http://localhost:8081/" "Mozilla/5.0 (X11; Linux x86_64) AppleWebKit/537.36 (KHTML, like Gecko) Chrome/62.0.3202.62 Safari/537.36"
::1 - - [25/Oct/2017:12:09:59 +0000] "GET / HTTP/1.1" 200 611 "-" "Mozilla/5.0 (X11; Linux x86_64) AppleWebKit/537.36 (KHTML, like Gecko) Chrome/62.0.3202.62 Safari/537.36"
::1 - - [25/Oct/2017:12:09:59 +0000] "GET /client.aec65628.js HTTP/1.1" 200 112574 "http://localhost:8081/" "Mozilla/5.0 (X11; Linux x86_64) AppleWebKit/537.36 (KHTML, like Gecko) Chrome/62.0.3202.62 Safari/537.36"
::1 - - [25/Oct/2017:12:09:59 +0000] "GET /vendor.6b608105.css HTTP/1.1" 200 175511 "http://localhost:8081/" "Mozilla/5.0 (X11; Linux x86_64) AppleWebKit/537.36 (KHTML, like Gecko) Chrome/62.0.3202.62 Safari/537.36"
::1 - - [25/Oct/2017:12:09:59 +0000] "GET /manifest.f2559840.js HTTP/1.1" 200 1476 "http://localhost:8081/" "Mozilla/5.0 (X11; Linux x86_64) AppleWebKit/537.36 (KHTML, like Gecko) Chrome/62.0.3202.62 Safari/537.36"
::1 - - [25/Oct/2017:12:09:59 +0000] "GET /vendor.4658d3ca.js HTTP/1.1" 200 636791 "http://localhost:8081/" "Mozilla/5.0 (X11; Linux x86_64) AppleWebKit/537.36 (KHTML, like Gecko) Chrome/62.0.3202.62 Safari/537.36"
::1 - - [25/Oct/2017:12:09:59 +0000] "GET /assets/images/logo-traveloka.47f8f1ca.png HTTP/1.1" 200 12844 "http://localhost:8081/" "Mozilla/5.0 (X11; Linux x86_64) AppleWebKit/537.36 (KHTML, like Gecko) Chrome/62.0.3202.62 Safari/537.36"
::1 - - [25/Oct/2017:12:09:59 +0000] "GET /assets/images/logo-dewa-web.4a34cf4d.png HTTP/1.1" 200 165097 "http://localhost:8081/" "Mozilla/5.0 (X11; Linux x86_64) AppleWebKit/537.36 (KHTML, like Gecko) Chrome/62.0.3202.62 Safari/537.36"
::1 - - [25/Oct/2017:12:09:59 +0000] "GET /assets/fonts/Jaapokkienchance_Regular.e9b7f6de.otf HTTP/1.1" 200 33788 "http://localhost:8081/" "Mozilla/5.0 (X11; Linux x86_64) AppleWebKit/537.36 (KHTML, like Gecko) Chrome/62.0.3202.62 Safari/537.36"
::1 - - [25/Oct/2017:12:09:59 +0000] "GET /assets/fonts/HELR45W.a357d33c.ttf HTTP/1.1" 200 83644 "http://localhost:8081/" "Mozilla/5.0 (X11; Linux x86_64) AppleWebKit/537.36 (KHTML, like Gecko) Chrome/62.0.3202.62 Safari/537.36"
::1 - - [25/Oct/2017:12:26:28 +0000] "GET / HTTP/1.1" 200 611 "-" "Mozilla/5.0 (X11; Linux x86_64) AppleWebKit/537.36 (KHTML, like Gecko) Chrome/62.0.3202.62 Safari/537.36"
::1 - - [25/Oct/2017:12:26:28 +0000] "GET /manifest.ac6473e1.js HTTP/1.1" 200 1476 "http://localhost:8081/" "Mozilla/5.0 (X11; Linux x86_64) AppleWebKit/537.36 (KHTML, like Gecko) Chrome/62.0.3202.62 Safari/537.36"
::1 - - [25/Oct/2017:12:26:28 +0000] "GET /client.f713076e.js HTTP/1.1" 200 112574 "http://localhost:8081/" "Mozilla/5.0 (X11; Linux x86_64) AppleWebKit/537.36 (KHTML, like Gecko) Chrome/62.0.3202.62 Safari/537.36"
::1 - - [25/Oct/2017:12:26:28 +0000] "GET /vendor.4658d3ca.js HTTP/1.1" 200 636791 "http://localhost:8081/" "Mozilla/5.0 (X11; Linux x86_64) AppleWebKit/537.36 (KHTML, like Gecko) Chrome/62.0.3202.62 Safari/537.36"
::1 - - [25/Oct/2017:12:26:28 +0000] "GET /vendor.6b608105.css HTTP/1.1" 200 175511 "http://localhost:8081/" "Mozilla/5.0 (X11; Linux x86_64) AppleWebKit/537.36 (KHTML, like Gecko) Chrome/62.0.3202.62 Safari/537.36"
::1 - - [25/Oct/2017:12:26:29 +0000] "GET /assets/images/logo-traveloka.47f8f1ca.png HTTP/1.1" 200 12844 "http://localhost:8081/" "Mozilla/5.0 (X11; Linux x86_64) AppleWebKit/537.36 (KHTML, like Gecko) Chrome/62.0.3202.62 Safari/537.36"
::1 - - [25/Oct/2017:12:26:29 +0000] "GET /assets/fonts/Jaapokkienchance_Regular.e9b7f6de.otf HTTP/1.1" 200 33788 "http://localhost:8081/" "Mozilla/5.0 (X11; Linux x86_64) AppleWebKit/537.36 (KHTML, like Gecko) Chrome/62.0.3202.62 Safari/537.36"
::1 - - [25/Oct/2017:12:26:29 +0000] "GET /assets/images/logo-dewa-web.4a34cf4d.png HTTP/1.1" 200 165097 "http://localhost:8081/" "Mozilla/5.0 (X11; Linux x86_64) AppleWebKit/537.36 (KHTML, like Gecko) Chrome/62.0.3202.62 Safari/537.36"
::1 - - [25/Oct/2017:12:26:29 +0000] "GET /assets/fonts/HELR45W.a357d33c.ttf HTTP/1.1" 200 83644 "http://localhost:8081/" "Mozilla/5.0 (X11; Linux x86_64) AppleWebKit/537.36 (KHTML, like Gecko) Chrome/62.0.3202.62 Safari/537.36"
::1 - - [25/Oct/2017:12:30:05 +0000] "GET / HTTP/1.1" 200 611 "-" "Mozilla/5.0 (X11; Linux x86_64) AppleWebKit/537.36 (KHTML, like Gecko) Chrome/62.0.3202.62 Safari/537.36"
::1 - - [25/Oct/2017:12:30:05 +0000] "GET /vendor.6b608105.css HTTP/1.1" 200 175511 "http://localhost:8081/" "Mozilla/5.0 (X11; Linux x86_64) AppleWebKit/537.36 (KHTML, like Gecko) Chrome/62.0.3202.62 Safari/537.36"
::1 - - [25/Oct/2017:12:30:05 +0000] "GET /manifest.e516e554.js HTTP/1.1" 200 1476 "http://localhost:8081/" "Mozilla/5.0 (X11; Linux x86_64) AppleWebKit/537.36 (KHTML, like Gecko) Chrome/62.0.3202.62 Safari/537.36"
::1 - - [25/Oct/2017:12:30:05 +0000] "GET /client.5acd2fdb.js HTTP/1.1" 200 112588 "http://localhost:8081/" "Mozilla/5.0 (X11; Linux x86_64) AppleWebKit/537.36 (KHTML, like Gecko) Chrome/62.0.3202.62 Safari/537.36"
::1 - - [25/Oct/2017:12:30:05 +0000] "GET /vendor.4658d3ca.js HTTP/1.1" 200 636791 "http://localhost:8081/" "Mozilla/5.0 (X11; Linux x86_64) AppleWebKit/537.36 (KHTML, like Gecko) Chrome/62.0.3202.62 Safari/537.36"
::1 - - [25/Oct/2017:12:30:05 +0000] "GET /assets/images/logo-traveloka.47f8f1ca.png HTTP/1.1" 200 12844 "http://localhost:8081/" "Mozilla/5.0 (X11; Linux x86_64) AppleWebKit/537.36 (KHTML, like Gecko) Chrome/62.0.3202.62 Safari/537.36"
::1 - - [25/Oct/2017:12:30:05 +0000] "GET /assets/images/logo-dewa-web.4a34cf4d.png HTTP/1.1" 200 165097 "http://localhost:8081/" "Mozilla/5.0 (X11; Linux x86_64) AppleWebKit/537.36 (KHTML, like Gecko) Chrome/62.0.3202.62 Safari/537.36"
::1 - - [25/Oct/2017:12:30:05 +0000] "GET /assets/fonts/Jaapokkienchance_Regular.e9b7f6de.otf HTTP/1.1" 200 33788 "http://localhost:8081/" "Mozilla/5.0 (X11; Linux x86_64) AppleWebKit/537.36 (KHTML, like Gecko) Chrome/62.0.3202.62 Safari/537.36"
::1 - - [25/Oct/2017:12:30:05 +0000] "GET /assets/fonts/HELR45W.a357d33c.ttf HTTP/1.1" 200 83644 "http://localhost:8081/" "Mozilla/5.0 (X11; Linux x86_64) AppleWebKit/537.36 (KHTML, like Gecko) Chrome/62.0.3202.62 Safari/537.36"
::1 - - [25/Oct/2017:12:30:18 +0000] "GET / HTTP/1.1" 200 611 "-" "Mozilla/5.0 (X11; Linux x86_64) AppleWebKit/537.36 (KHTML, like Gecko) Chrome/62.0.3202.62 Safari/537.36"
::1 - - [25/Oct/2017:12:30:19 +0000] "GET /manifest.e516e554.js HTTP/1.1" 200 1476 "http://localhost:8081/" "Mozilla/5.0 (X11; Linux x86_64) AppleWebKit/537.36 (KHTML, like Gecko) Chrome/62.0.3202.62 Safari/537.36"
::1 - - [25/Oct/2017:12:30:19 +0000] "GET /vendor.6b608105.css HTTP/1.1" 200 175511 "http://localhost:8081/" "Mozilla/5.0 (X11; Linux x86_64) AppleWebKit/537.36 (KHTML, like Gecko) Chrome/62.0.3202.62 Safari/537.36"
::1 - - [25/Oct/2017:12:30:19 +0000] "GET /client.5acd2fdb.js HTTP/1.1" 200 112588 "http://localhost:8081/" "Mozilla/5.0 (X11; Linux x86_64) AppleWebKit/537.36 (KHTML, like Gecko) Chrome/62.0.3202.62 Safari/537.36"
::1 - - [25/Oct/2017:12:30:19 +0000] "GET /vendor.4658d3ca.js HTTP/1.1" 200 636791 "http://localhost:8081/" "Mozilla/5.0 (X11; Linux x86_64) AppleWebKit/537.36 (KHTML, like Gecko) Chrome/62.0.3202.62 Safari/537.36"
::1 - - [25/Oct/2017:12:30:19 +0000] "GET /assets/images/logo-traveloka.47f8f1ca.png HTTP/1.1" 200 12844 "http://localhost:8081/" "Mozilla/5.0 (X11; Linux x86_64) AppleWebKit/537.36 (KHTML, like Gecko) Chrome/62.0.3202.62 Safari/537.36"
::1 - - [25/Oct/2017:12:30:19 +0000] "GET /assets/fonts/Jaapokkienchance_Regular.e9b7f6de.otf HTTP/1.1" 200 33788 "http://localhost:8081/" "Mozilla/5.0 (X11; Linux x86_64) AppleWebKit/537.36 (KHTML, like Gecko) Chrome/62.0.3202.62 Safari/537.36"
::1 - - [25/Oct/2017:12:30:19 +0000] "GET /assets/images/logo-dewa-web.4a34cf4d.png HTTP/1.1" 200 165097 "http://localhost:8081/" "Mozilla/5.0 (X11; Linux x86_64) AppleWebKit/537.36 (KHTML, like Gecko) Chrome/62.0.3202.62 Safari/537.36"
::1 - - [25/Oct/2017:12:30:19 +0000] "GET /assets/fonts/HELR45W.a357d33c.ttf HTTP/1.1" 200 83644 "http://localhost:8081/" "Mozilla/5.0 (X11; Linux x86_64) AppleWebKit/537.36 (KHTML, like Gecko) Chrome/62.0.3202.62 Safari/537.36"
::1 - - [25/Oct/2017:12:30:38 +0000] "GET /vendor.6b608105.css HTTP/1.1" 304 - "http://localhost:8081/" "Mozilla/5.0 (X11; Linux x86_64) AppleWebKit/537.36 (KHTML, like Gecko) Chrome/62.0.3202.62 Safari/537.36"
::1 - - [25/Oct/2017:12:30:38 +0000] "GET /manifest.e516e554.js.map HTTP/1.1" 200 14241 "-" "Mozilla/5.0 (X11; Linux x86_64) AppleWebKit/537.36 (KHTML, like Gecko) Chrome/62.0.3202.62 Safari/537.36"
::1 - - [25/Oct/2017:12:30:38 +0000] "GET /vendor.4658d3ca.js.map HTTP/1.1" 200 5452409 "-" "Mozilla/5.0 (X11; Linux x86_64) AppleWebKit/537.36 (KHTML, like Gecko) Chrome/62.0.3202.62 Safari/537.36"
::1 - - [25/Oct/2017:12:30:38 +0000] "GET /client.5acd2fdb.js.map HTTP/1.1" 200 401931 "-" "Mozilla/5.0 (X11; Linux x86_64) AppleWebKit/537.36 (KHTML, like Gecko) Chrome/62.0.3202.62 Safari/537.36"
::1 - - [25/Oct/2017:12:30:38 +0000] "GET /vendor.6b608105.css.map HTTP/1.1" 200 467354 "-" "Mozilla/5.0 (X11; Linux x86_64) AppleWebKit/537.36 (KHTML, like Gecko) Chrome/62.0.3202.62 Safari/537.36"
::1 - - [25/Oct/2017:12:32:42 +0000] "GET /login/ HTTP/1.1" 200 611 "-" "Mozilla/5.0 (X11; Linux x86_64) AppleWebKit/537.36 (KHTML, like Gecko) Chrome/62.0.3202.62 Safari/537.36"
::1 - - [25/Oct/2017:12:32:42 +0000] "GET /vendor.6b608105.css HTTP/1.1" 304 - "http://localhost:8081/login/" "Mozilla/5.0 (X11; Linux x86_64) AppleWebKit/537.36 (KHTML, like Gecko) Chrome/62.0.3202.62 Safari/537.36"
::1 - - [25/Oct/2017:12:32:42 +0000] "GET /manifest.e516e554.js HTTP/1.1" 304 - "http://localhost:8081/login/" "Mozilla/5.0 (X11; Linux x86_64) AppleWebKit/537.36 (KHTML, like Gecko) Chrome/62.0.3202.62 Safari/537.36"
::1 - - [25/Oct/2017:12:32:42 +0000] "GET /vendor.4658d3ca.js HTTP/1.1" 304 - "http://localhost:8081/login/" "Mozilla/5.0 (X11; Linux x86_64) AppleWebKit/537.36 (KHTML, like Gecko) Chrome/62.0.3202.62 Safari/537.36"
::1 - - [25/Oct/2017:12:32:42 +0000] "GET /client.5acd2fdb.js HTTP/1.1" 304 - "http://localhost:8081/login/" "Mozilla/5.0 (X11; Linux x86_64) AppleWebKit/537.36 (KHTML, like Gecko) Chrome/62.0.3202.62 Safari/537.36"
::1 - - [25/Oct/2017:12:32:42 +0000] "GET /manifest.e516e554.js.map HTTP/1.1" 304 - "-" "Mozilla/5.0 (X11; Linux x86_64) AppleWebKit/537.36 (KHTML, like Gecko) Chrome/62.0.3202.62 Safari/537.36"
::1 - - [25/Oct/2017:12:32:42 +0000] "GET /vendor.4658d3ca.js.map HTTP/1.1" 304 - "-" "Mozilla/5.0 (X11; Linux x86_64) AppleWebKit/537.36 (KHTML, like Gecko) Chrome/62.0.3202.62 Safari/537.36"
::1 - - [25/Oct/2017:12:32:42 +0000] "GET /assets/images/logo-traveloka.47f8f1ca.png HTTP/1.1" 304 - "http://localhost:8081/login/" "Mozilla/5.0 (X11; Linux x86_64) AppleWebKit/537.36 (KHTML, like Gecko) Chrome/62.0.3202.62 Safari/537.36"
::1 - - [25/Oct/2017:12:32:42 +0000] "GET /assets/images/logo-dewa-web.4a34cf4d.png HTTP/1.1" 304 - "http://localhost:8081/login/" "Mozilla/5.0 (X11; Linux x86_64) AppleWebKit/537.36 (KHTML, like Gecko) Chrome/62.0.3202.62 Safari/537.36"
::1 - - [25/Oct/2017:12:32:42 +0000] "GET /assets/fonts/Jaapokkienchance_Regular.e9b7f6de.otf HTTP/1.1" 304 - "http://localhost:8081/login/" "Mozilla/5.0 (X11; Linux x86_64) AppleWebKit/537.36 (KHTML, like Gecko) Chrome/62.0.3202.62 Safari/537.36"
::1 - - [25/Oct/2017:12:32:42 +0000] "GET /assets/fonts/HELR45W.a357d33c.ttf HTTP/1.1" 304 - "http://localhost:8081/login/" "Mozilla/5.0 (X11; Linux x86_64) AppleWebKit/537.36 (KHTML, like Gecko) Chrome/62.0.3202.62 Safari/537.36"
::1 - - [25/Oct/2017:12:32:42 +0000] "GET /client.5acd2fdb.js.map HTTP/1.1" 304 - "-" "Mozilla/5.0 (X11; Linux x86_64) AppleWebKit/537.36 (KHTML, like Gecko) Chrome/62.0.3202.62 Safari/537.36"
::1 - - [25/Oct/2017:12:32:43 +0000] "GET /vendor.6b608105.css.map HTTP/1.1" 304 - "-" "Mozilla/5.0 (X11; Linux x86_64) AppleWebKit/537.36 (KHTML, like Gecko) Chrome/62.0.3202.62 Safari/537.36"
::1 - - [25/Oct/2017:12:32:49 +0000] "GET / HTTP/1.1" 304 - "-" "Mozilla/5.0 (X11; Linux x86_64) AppleWebKit/537.36 (KHTML, like Gecko) Chrome/62.0.3202.62 Safari/537.36"
::1 - - [25/Oct/2017:12:32:49 +0000] "GET /vendor.6b608105.css HTTP/1.1" 304 - "http://localhost:8081/" "Mozilla/5.0 (X11; Linux x86_64) AppleWebKit/537.36 (KHTML, like Gecko) Chrome/62.0.3202.62 Safari/537.36"
::1 - - [25/Oct/2017:12:32:49 +0000] "GET /manifest.e516e554.js HTTP/1.1" 304 - "http://localhost:8081/" "Mozilla/5.0 (X11; Linux x86_64) AppleWebKit/537.36 (KHTML, like Gecko) Chrome/62.0.3202.62 Safari/537.36"
::1 - - [25/Oct/2017:12:32:49 +0000] "GET /vendor.4658d3ca.js HTTP/1.1" 304 - "http://localhost:8081/" "Mozilla/5.0 (X11; Linux x86_64) AppleWebKit/537.36 (KHTML, like Gecko) Chrome/62.0.3202.62 Safari/537.36"
::1 - - [25/Oct/2017:12:32:49 +0000] "GET /client.5acd2fdb.js HTTP/1.1" 304 - "http://localhost:8081/" "Mozilla/5.0 (X11; Linux x86_64) AppleWebKit/537.36 (KHTML, like Gecko) Chrome/62.0.3202.62 Safari/537.36"
::1 - - [25/Oct/2017:12:32:49 +0000] "GET /assets/images/logo-traveloka.47f8f1ca.png HTTP/1.1" 304 - "http://localhost:8081/" "Mozilla/5.0 (X11; Linux x86_64) AppleWebKit/537.36 (KHTML, like Gecko) Chrome/62.0.3202.62 Safari/537.36"
::1 - - [25/Oct/2017:12:32:49 +0000] "GET /assets/images/logo-dewa-web.4a34cf4d.png HTTP/1.1" 304 - "http://localhost:8081/" "Mozilla/5.0 (X11; Linux x86_64) AppleWebKit/537.36 (KHTML, like Gecko) Chrome/62.0.3202.62 Safari/537.36"
::1 - - [25/Oct/2017:12:32:49 +0000] "GET /assets/fonts/Jaapokkienchance_Regular.e9b7f6de.otf HTTP/1.1" 304 - "http://localhost:8081/" "Mozilla/5.0 (X11; Linux x86_64) AppleWebKit/537.36 (KHTML, like Gecko) Chrome/62.0.3202.62 Safari/537.36"
::1 - - [25/Oct/2017:12:32:49 +0000] "GET /assets/fonts/HELR45W.a357d33c.ttf HTTP/1.1" 304 - "http://localhost:8081/" "Mozilla/5.0 (X11; Linux x86_64) AppleWebKit/537.36 (KHTML, like Gecko) Chrome/62.0.3202.62 Safari/537.36"
::1 - - [25/Oct/2017:12:33:17 +0000] "GET /vendor.6b608105.css HTTP/1.1" 304 - "http://localhost:8081/" "Mozilla/5.0 (X11; Linux x86_64) AppleWebKit/537.36 (KHTML, like Gecko) Chrome/62.0.3202.62 Safari/537.36"
::1 - - [25/Oct/2017:12:33:17 +0000] "GET /manifest.e516e554.js.map HTTP/1.1" 200 14241 "-" "Mozilla/5.0 (X11; Linux x86_64) AppleWebKit/537.36 (KHTML, like Gecko) Chrome/62.0.3202.62 Safari/537.36"
::1 - - [25/Oct/2017:12:33:17 +0000] "GET /client.5acd2fdb.js.map HTTP/1.1" 200 401931 "-" "Mozilla/5.0 (X11; Linux x86_64) AppleWebKit/537.36 (KHTML, like Gecko) Chrome/62.0.3202.62 Safari/537.36"
::1 - - [25/Oct/2017:12:33:17 +0000] "GET /vendor.6b608105.css.map HTTP/1.1" 200 467354 "-" "Mozilla/5.0 (X11; Linux x86_64) AppleWebKit/537.36 (KHTML, like Gecko) Chrome/62.0.3202.62 Safari/537.36"
::1 - - [25/Oct/2017:12:33:18 +0000] "GET /vendor.4658d3ca.js.map HTTP/1.1" 200 5452409 "-" "Mozilla/5.0 (X11; Linux x86_64) AppleWebKit/537.36 (KHTML, like Gecko) Chrome/62.0.3202.62 Safari/537.36"
